# JRE version: Java(TM) SE Runtime Environment (7.0_55-b13) (build 1.7.0_55-b13)
# Java VM: Java HotSpot(TM) 64-Bit Server VM (24.55-b03 mixed mode windows-amd64 compressed oops)
Heap
 PSYoungGen      total 38400K, used 8519K [0x00000007d5880000, 0x00000007d8300000, 0x0000000800000000)
  eden space 33280K, 10% used [0x00000007d5880000,0x00000007d5bd60d0,0x00000007d7900000)
  from space 5120K, 99% used [0x00000007d7900000,0x00000007d7dfbb80,0x00000007d7e00000)
  to   space 5120K, 0% used [0x00000007d7e00000,0x00000007d7e00000,0x00000007d8300000)
 ParOldGen       total 86528K, used 8108K [0x0000000780a00000, 0x0000000785e80000, 0x00000007d5880000)
  object space 86528K, 9% used [0x0000000780a00000,0x00000007811eb370,0x0000000785e80000)
 PSPermGen       total 23552K, used 23140K [0x000000077b800000, 0x000000077cf00000, 0x0000000780a00000)
  object space 23552K, 98% used [0x000000077b800000,0x000000077ce99260,0x000000077cf00000)
GC Heap History (6 events):
Event: 0.863 GC heap before
{Heap before GC invocations=1 (full 0):
 PSYoungGen      total 38400K, used 33280K [0x00000007d5880000, 0x00000007d8300000, 0x0000000800000000)
  eden space 33280K, 100% used [0x00000007d5880000,0x00000007d7900000,0x00000007d7900000)
  from space 5120K, 0% used [0x00000007d7e00000,0x00000007d7e00000,0x00000007d8300000)
  to   space 5120K, 0% used [0x00000007d7900000,0x00000007d7900000,0x00000007d7e00000)
 ParOldGen       total 86528K, used 0K [0x0000000780a00000, 0x0000000785e80000, 0x00000007d5880000)
  object space 86528K, 0% used [0x0000000780a00000,0x0000000780a00000,0x0000000785e80000)
 PSPermGen       total 21504K, used 7096K [0x000000077b800000, 0x000000077cd00000, 0x0000000780a00000)
  object space 21504K, 33% used [0x000000077b800000,0x000000077beee170,0x000000077cd00000)
Event: 0.866 GC heap after
Heap after GC invocations=1 (full 0):
 PSYoungGen      total 38400K, used 4076K [0x00000007d5880000, 0x00000007d8300000, 0x0000000800000000)
  eden space 33280K, 0% used [0x00000007d5880000,0x00000007d5880000,0x00000007d7900000)
  from space 5120K, 79% used [0x00000007d7900000,0x00000007d7cfb028,0x00000007d7e00000)
  to   space 5120K, 0% used [0x00000007d7e00000,0x00000007d7e00000,0x00000007d8300000)
 ParOldGen       total 86528K, used 8K [0x0000000780a00000, 0x0000000785e80000, 0x00000007d5880000)
  object space 86528K, 0% used [0x0000000780a00000,0x0000000780a02000,0x0000000785e80000)
 PSPermGen       total 21504K, used 7096K [0x000000077b800000, 0x000000077cd00000, 0x0000000780a00000)
  object space 21504K, 33% used [0x000000077b800000,0x000000077beee170,0x000000077cd00000)
}
Event: 1.647 GC heap before
{Heap before GC invocations=2 (full 0):
 PSYoungGen      total 38400K, used 37356K [0x00000007d5880000, 0x00000007d8300000, 0x0000000800000000)
  eden space 33280K, 100% used [0x00000007d5880000,0x00000007d7900000,0x00000007d7900000)
  from space 5120K, 79% used [0x00000007d7900000,0x00000007d7cfb028,0x00000007d7e00000)
  to   space 5120K, 0% used [0x00000007d7e00000,0x00000007d7e00000,0x00000007d8300000)
 ParOldGen       total 86528K, used 8K [0x0000000780a00000, 0x0000000785e80000, 0x00000007d5880000)
  object space 86528K, 0% used [0x0000000780a00000,0x0000000780a02000,0x0000000785e80000)
 PSPermGen       total 21504K, used 17169K [0x000000077b800000, 0x000000077cd00000, 0x0000000780a00000)
  object space 21504K, 79% used [0x000000077b800000,0x000000077c8c4460,0x000000077cd00000)
Event: 1.654 GC heap after
Heap after GC invocations=2 (full 0):
 PSYoungGen      total 38400K, used 5097K [0x00000007d5880000, 0x00000007d8300000, 0x0000000800000000)
  eden space 33280K, 0% used [0x00000007d5880000,0x00000007d5880000,0x00000007d7900000)
  from space 5120K, 99% used [0x00000007d7e00000,0x00000007d82fa518,0x00000007d8300000)
  to   space 5120K, 0% used [0x00000007d7900000,0x00000007d7900000,0x00000007d7e00000)
 ParOldGen       total 86528K, used 3729K [0x0000000780a00000, 0x0000000785e80000, 0x00000007d5880000)
  object space 86528K, 4% used [0x0000000780a00000,0x0000000780da4708,0x0000000785e80000)
 PSPermGen       total 21504K, used 17169K [0x000000077b800000, 0x000000077cd00000, 0x0000000780a00000)
  object space 21504K, 79% used [0x000000077b800000,0x000000077c8c4460,0x000000077cd00000)
}
Event: 4.172 GC heap before
{Heap before GC invocations=3 (full 0):
 PSYoungGen      total 38400K, used 38377K [0x00000007d5880000, 0x00000007d8300000, 0x0000000800000000)
  eden space 33280K, 100% used [0x00000007d5880000,0x00000007d7900000,0x00000007d7900000)
  from space 5120K, 99% used [0x00000007d7e00000,0x00000007d82fa518,0x00000007d8300000)
  to   space 5120K, 0% used [0x00000007d7900000,0x00000007d7900000,0x00000007d7e00000)
 ParOldGen       total 86528K, used 3729K [0x0000000780a00000, 0x0000000785e80000, 0x00000007d5880000)
  object space 86528K, 4% used [0x0000000780a00000,0x0000000780da4708,0x0000000785e80000)
 PSPermGen       total 23040K, used 22680K [0x000000077b800000, 0x000000077ce80000, 0x0000000780a00000)
  object space 23040K, 98% used [0x000000077b800000,0x000000077ce26070,0x000000077ce80000)
Event: 4.179 GC heap after
Heap after GC invocations=3 (full 0):
 PSYoungGen      total 38400K, used 5102K [0x00000007d5880000, 0x00000007d8300000, 0x0000000800000000)
  eden space 33280K, 0% used [0x00000007d5880000,0x00000007d5880000,0x00000007d7900000)
  from space 5120K, 99% used [0x00000007d7900000,0x00000007d7dfbb80,0x00000007d7e00000)
  to   space 5120K, 0% used [0x00000007d7e00000,0x00000007d7e00000,0x00000007d8300000)
 ParOldGen       total 86528K, used 8108K [0x0000000780a00000, 0x0000000785e80000, 0x00000007d5880000)
  object space 86528K, 9% used [0x0000000780a00000,0x00000007811eb370,0x0000000785e80000)
 PSPermGen       total 23040K, used 22680K [0x000000077b800000, 0x000000077ce80000, 0x0000000780a00000)
  object space 23040K, 98% used [0x000000077b800000,0x000000077ce26070,0x000000077ce80000)
}

